<?xml version="1.0" encoding="UTF-8"?>
<testng-results skipped="0" failed="0" ignored="0" total="1" passed="1">
  <reporter-output>
  </reporter-output>
  <suite name="inetbanking" duration-ms="30970" started-at="2020-09-16T15:15:24Z" finished-at="2020-09-16T15:15:55Z">
    <groups>
    </groups>
    <test name="BankingApp Test" duration-ms="30970" started-at="2020-09-16T15:15:24Z" finished-at="2020-09-16T15:15:55Z">
      <class name="com.inetbanking.testCases.TC_LoginTest_TC001">
        <test-method status="PASS" signature="setUp(java.lang.String)[pri:0, instance:com.inetbanking.testCases.TC_LoginTest_TC001@69ea3742]" name="setUp" is-config="true" duration-ms="23191" started-at="2020-09-16T15:15:25Z" finished-at="2020-09-16T15:15:48Z">
          <params>
            <param index="0">
              <value>
                <![CDATA[firefox]]>
              </value>
            </param>
          </params>
          <reporter-output>
          </reporter-output>
        </test-method> <!-- setUp -->
        <test-method status="PASS" signature="loginTest()[pri:0, instance:com.inetbanking.testCases.TC_LoginTest_TC001@69ea3742]" name="loginTest" duration-ms="2157" started-at="2020-09-16T15:15:48Z" finished-at="2020-09-16T15:15:50Z">
          <reporter-output>
          </reporter-output>
        </test-method> <!-- loginTest -->
        <test-method status="PASS" signature="tearDown()[pri:0, instance:com.inetbanking.testCases.TC_LoginTest_TC001@69ea3742]" name="tearDown" is-config="true" duration-ms="4894" started-at="2020-09-16T15:15:50Z" finished-at="2020-09-16T15:15:55Z">
          <reporter-output>
          </reporter-output>
        </test-method> <!-- tearDown -->
      </class> <!-- com.inetbanking.testCases.TC_LoginTest_TC001 -->
    </test> <!-- BankingApp Test -->
  </suite> <!-- inetbanking -->
</testng-results>
